Wed Mar 10 13:06:13 CST 2010  [debug] AvalonLogSystem initialized using logfile 'D:\Myworkspace\.metadata\.plugins\com.genuitec.eclipse.templates\velocity.log'
Wed Mar 10 13:06:13 CST 2010   [info] ************************************************************** 
Wed Mar 10 13:06:13 CST 2010   [info] Starting Jakarta Velocity v1.4
Wed Mar 10 13:06:13 CST 2010   [info] RuntimeInstance initializing.
Wed Mar 10 13:06:13 CST 2010   [info] Default Properties File: org\apache\velocity\runtime\defaults\velocity.properties
Wed Mar 10 13:06:13 CST 2010   [info] Trying to use logger class org.apache.velocity.runtime.log.AvalonLogSystem
Wed Mar 10 13:06:13 CST 2010   [info] Using logger class org.apache.velocity.runtime.log.AvalonLogSystem
Wed Mar 10 13:06:13 CST 2010   [info] Default ResourceManager initializing. (class org.apache.velocity.runtime.resource.ResourceManagerImpl)
Wed Mar 10 13:06:13 CST 2010   [info] Resource Loader Instantiated: com.genuitec.eclipse.templates.internal.PluginResourceLoader
Wed Mar 10 13:06:13 CST 2010   [info] ResourceCache : initialized. (class org.apache.velocity.runtime.resource.ResourceCacheImpl)
Wed Mar 10 13:06:13 CST 2010   [info] Default ResourceManager initialization complete.
Wed Mar 10 13:06:13 CST 2010   [info] Loaded System Directive: org.apache.velocity.runtime.directive.Literal
Wed Mar 10 13:06:13 CST 2010   [info] Loaded System Directive: org.apache.velocity.runtime.directive.Macro
Wed Mar 10 13:06:13 CST 2010   [info] Loaded System Directive: org.apache.velocity.runtime.directive.Parse
Wed Mar 10 13:06:13 CST 2010   [info] Loaded System Directive: org.apache.velocity.runtime.directive.Include
Wed Mar 10 13:06:13 CST 2010   [info] Loaded System Directive: org.apache.velocity.runtime.directive.Foreach
Wed Mar 10 13:06:13 CST 2010   [info] Created: 20 parsers.
Wed Mar 10 13:06:13 CST 2010   [info] Velocimacro : initialization starting.
Wed Mar 10 13:06:13 CST 2010   [info] Velocimacro : adding VMs from VM library template : VM_global_library.vm
Wed Mar 10 13:06:13 CST 2010   [info] ResourceManager : found VM_global_library.vm with loader com.genuitec.eclipse.templates.internal.PluginResourceLoader
Wed Mar 10 13:06:13 CST 2010   [info] Velocimacro :  VM library template macro registration complete.
Wed Mar 10 13:06:13 CST 2010   [info] Velocimacro : allowInline = true : VMs can be defined inline in templates
Wed Mar 10 13:06:13 CST 2010   [info] Velocimacro : allowInlineToOverride = true : VMs defined inline may replace previous VM definitions
Wed Mar 10 13:06:13 CST 2010   [info] Velocimacro : allowInlineLocal = true : VMs defined inline will be local to their defining template only.
Wed Mar 10 13:06:13 CST 2010   [info] Velocimacro : messages on  : VM system will output logging messages
Wed Mar 10 13:06:13 CST 2010   [info] Velocimacro : autoload off  : VM system will not automatically reload global library macros
Wed Mar 10 13:06:13 CST 2010   [info] Velocimacro : initialization complete.
Wed Mar 10 13:06:13 CST 2010   [info] Velocity successfully started.
Wed Mar 10 13:06:13 CST 2010   [info] ResourceManager : found templates/html/Html.vtl with loader com.genuitec.eclipse.templates.internal.PluginResourceLoader
Wed Mar 10 13:06:13 CST 2010   [info] ResourceManager : found templates/html/HTMLMetaTags.vtl with loader com.genuitec.eclipse.templates.internal.PluginResourceLoader
